::ffff:127.0.0.1 - - [21/Sep/2023:09:41:37 +0000] "OPTIONS /contacto HTTP/1.1" 204 0 "http://localhost:3000/" "Mozilla/5.0 (Windows NT 10.0; Win64; x64; rv:109.0) Gecko/20100101 Firefox/117.0"
::ffff:127.0.0.1 - - [21/Sep/2023:09:41:38 +0000] "POST /contacto HTTP/1.1" 404 148 "http://localhost:3000/" "Mozilla/5.0 (Windows NT 10.0; Win64; x64; rv:109.0) Gecko/20100101 Firefox/117.0"
::ffff:127.0.0.1 - - [21/Sep/2023:09:44:18 +0000] "OPTIONS /api/v1/publico/contacto HTTP/1.1" 204 0 "http://localhost:3000/" "Mozilla/5.0 (Windows NT 10.0; Win64; x64; rv:109.0) Gecko/20100101 Firefox/117.0"
::ffff:127.0.0.1 - - [21/Sep/2023:09:46:40 +0000] "OPTIONS /api/v1/publico/contacto HTTP/1.1" 204 0 "http://localhost:3000/" "Mozilla/5.0 (Windows NT 10.0; Win64; x64; rv:109.0) Gecko/20100101 Firefox/117.0"
::ffff:127.0.0.1 - - [21/Sep/2023:09:47:20 +0000] "OPTIONS /api/v1/publico/contacto HTTP/1.1" 204 0 "http://localhost:3000/" "Mozilla/5.0 (Windows NT 10.0; Win64; x64; rv:109.0) Gecko/20100101 Firefox/117.0"
::ffff:127.0.0.1 - - [21/Sep/2023:09:47:23 +0000] "POST /api/v1/publico/contacto HTTP/1.1" 200 61 "http://localhost:3000/" "Mozilla/5.0 (Windows NT 10.0; Win64; x64; rv:109.0) Gecko/20100101 Firefox/117.0"
::ffff:127.0.0.1 - - [21/Sep/2023:10:14:03 +0000] "OPTIONS /api/v1/publico/contacto HTTP/1.1" 204 0 "http://localhost:3000/" "Mozilla/5.0 (Windows NT 10.0; Win64; x64; rv:109.0) Gecko/20100101 Firefox/117.0"
::ffff:127.0.0.1 - - [21/Sep/2023:10:14:06 +0000] "POST /api/v1/publico/contacto HTTP/1.1" 200 61 "http://localhost:3000/" "Mozilla/5.0 (Windows NT 10.0; Win64; x64; rv:109.0) Gecko/20100101 Firefox/117.0"
::ffff:127.0.0.1 - - [21/Sep/2023:10:16:12 +0000] "OPTIONS /api/v1/publico/contacto HTTP/1.1" 204 0 "http://localhost:3000/" "Mozilla/5.0 (Windows NT 10.0; Win64; x64; rv:109.0) Gecko/20100101 Firefox/117.0"
::ffff:127.0.0.1 - - [21/Sep/2023:10:16:15 +0000] "POST /api/v1/publico/contacto HTTP/1.1" 200 61 "http://localhost:3000/" "Mozilla/5.0 (Windows NT 10.0; Win64; x64; rv:109.0) Gecko/20100101 Firefox/117.0"
::ffff:127.0.0.1 - - [21/Sep/2023:10:16:58 +0000] "OPTIONS /api/v1/publico/contacto HTTP/1.1" 204 0 "http://localhost:3000/" "Mozilla/5.0 (Windows NT 10.0; Win64; x64; rv:109.0) Gecko/20100101 Firefox/117.0"
::ffff:127.0.0.1 - - [21/Sep/2023:10:17:01 +0000] "POST /api/v1/publico/contacto HTTP/1.1" 200 61 "http://localhost:3000/" "Mozilla/5.0 (Windows NT 10.0; Win64; x64; rv:109.0) Gecko/20100101 Firefox/117.0"
::1 - - [21/Sep/2023:10:35:49 +0000] "GET /api/v1/estudiantes/4 HTTP/1.1" 404 159 "-" "PostmanRuntime/7.32.1"
::1 - - [21/Sep/2023:10:36:05 +0000] "GET /api/v1/estudiante/4 HTTP/1.1" 404 158 "-" "PostmanRuntime/7.32.1"
::1 - - [21/Sep/2023:10:37:29 +0000] "GET /api/v1/estudiante/?idEstudiante=4 HTTP/1.1" 404 157 "-" "PostmanRuntime/7.32.1"
::1 - - [21/Sep/2023:10:38:30 +0000] "GET /api/v1/estudiantes/estudiante/?idEstudiante=4 HTTP/1.1" 404 169 "-" "PostmanRuntime/7.32.1"
::1 - - [21/Sep/2023:10:38:39 +0000] "GET /api/v1/estudiantes/estudiante HTTP/1.1" 404 168 "-" "PostmanRuntime/7.32.1"
::1 - - [21/Sep/2023:10:38:54 +0000] "GET /api/v1/estudiantes/ HTTP/1.1" 404 158 "-" "PostmanRuntime/7.32.1"
::1 - - [21/Sep/2023:10:39:06 +0000] "GET /api/v1/estudiantes/4 HTTP/1.1" 404 159 "-" "PostmanRuntime/7.32.1"
::1 - - [21/Sep/2023:10:40:18 +0000] "GET /api/v1/estudiante HTTP/1.1" 404 156 "-" "PostmanRuntime/7.32.1"
::1 - - [21/Sep/2023:10:40:23 +0000] "GET /api/v1/estudiante/4 HTTP/1.1" 404 158 "-" "PostmanRuntime/7.32.1"
::1 - - [21/Sep/2023:10:42:49 +0000] "GET /api/v1/estudiante/estudiantes/4 HTTP/1.1" 200 101 "-" "PostmanRuntime/7.32.1"
::1 - - [21/Sep/2023:12:09:56 +0000] "GET /api/v1/estudiante/estudiantes/4 HTTP/1.1" 200 104 "-" "PostmanRuntime/7.32.1"
::1 - - [21/Sep/2023:12:13:33 +0000] "GET /api/v1/estudiante/estudiantes/4 HTTP/1.1" 200 101 "-" "PostmanRuntime/7.32.1"
::ffff:127.0.0.1 - - [22/Sep/2023:09:36:37 +0000] "OPTIONS /api/v1/publico/contacto HTTP/1.1" 204 0 "http://localhost:3000/" "Mozilla/5.0 (Windows NT 10.0; Win64; x64; rv:109.0) Gecko/20100101 Firefox/117.0"
::ffff:127.0.0.1 - - [22/Sep/2023:09:36:43 +0000] "POST /api/v1/publico/contacto HTTP/1.1" 200 61 "http://localhost:3000/" "Mozilla/5.0 (Windows NT 10.0; Win64; x64; rv:109.0) Gecko/20100101 Firefox/117.0"
::ffff:127.0.0.1 - - [22/Sep/2023:10:14:25 +0000] "OPTIONS /api/v1/publico/contacto HTTP/1.1" 204 0 "http://localhost:3000/" "Mozilla/5.0 (Windows NT 10.0; Win64; x64; rv:109.0) Gecko/20100101 Firefox/117.0"
::ffff:127.0.0.1 - - [22/Sep/2023:10:14:28 +0000] "POST /api/v1/publico/contacto HTTP/1.1" 200 61 "http://localhost:3000/" "Mozilla/5.0 (Windows NT 10.0; Win64; x64; rv:109.0) Gecko/20100101 Firefox/117.0"
::ffff:127.0.0.1 - - [22/Sep/2023:13:29:46 +0000] "OPTIONS /api/v1/publico/contacto HTTP/1.1" 204 0 "http://localhost:3000/" "Mozilla/5.0 (Windows NT 10.0; Win64; x64; rv:109.0) Gecko/20100101 Firefox/117.0"
::ffff:127.0.0.1 - - [22/Sep/2023:13:29:50 +0000] "POST /api/v1/publico/contacto HTTP/1.1" 200 61 "http://localhost:3000/" "Mozilla/5.0 (Windows NT 10.0; Win64; x64; rv:109.0) Gecko/20100101 Firefox/117.0"
::ffff:127.0.0.1 - - [22/Sep/2023:13:30:24 +0000] "OPTIONS /api/v1/publico/contacto HTTP/1.1" 204 0 "http://localhost:3000/" "Mozilla/5.0 (Windows NT 10.0; Win64; x64; rv:109.0) Gecko/20100101 Firefox/117.0"
::ffff:127.0.0.1 - - [22/Sep/2023:13:30:29 +0000] "POST /api/v1/publico/contacto HTTP/1.1" 200 61 "http://localhost:3000/" "Mozilla/5.0 (Windows NT 10.0; Win64; x64; rv:109.0) Gecko/20100101 Firefox/117.0"
::ffff:127.0.0.1 - - [22/Sep/2023:13:39:11 +0000] "OPTIONS /api/v1/publico/contacto HTTP/1.1" 204 0 "http://localhost:3000/" "Mozilla/5.0 (Windows NT 10.0; Win64; x64; rv:109.0) Gecko/20100101 Firefox/117.0"
::ffff:127.0.0.1 - - [22/Sep/2023:13:39:13 +0000] "POST /api/v1/publico/contacto HTTP/1.1" 200 61 "http://localhost:3000/" "Mozilla/5.0 (Windows NT 10.0; Win64; x64; rv:109.0) Gecko/20100101 Firefox/117.0"
::1 - - [22/Sep/2023:13:44:25 +0000] "GET /api/v1/estudiante/estudiantes/4 HTTP/1.1" 200 101 "-" "PostmanRuntime/7.32.1"
::1 - - [22/Sep/2023:13:49:20 +0000] "GET /api/v1/estudiante/estudiantes/4 HTTP/1.1" 200 101 "-" "PostmanRuntime/7.32.1"
::1 - - [22/Sep/2023:13:49:53 +0000] "GET /api/v1/estudiante/estudiantes/4 HTTP/1.1" 200 215 "-" "PostmanRuntime/7.32.1"
::ffff:127.0.0.1 - - [23/Sep/2023:18:31:34 +0000] "OPTIONS /api/v1/publico/contacto HTTP/1.1" 204 0 "http://localhost:3000/" "Mozilla/5.0 (Windows NT 10.0; Win64; x64; rv:109.0) Gecko/20100101 Firefox/117.0"
::ffff:127.0.0.1 - - [23/Sep/2023:18:31:39 +0000] "POST /api/v1/publico/contacto HTTP/1.1" 200 61 "http://localhost:3000/" "Mozilla/5.0 (Windows NT 10.0; Win64; x64; rv:109.0) Gecko/20100101 Firefox/117.0"
::ffff:127.0.0.1 - - [23/Sep/2023:18:52:26 +0000] "OPTIONS /api/v1/publico/contacto HTTP/1.1" 204 0 "http://localhost:3000/" "Mozilla/5.0 (Windows NT 10.0; Win64; x64; rv:109.0) Gecko/20100101 Firefox/117.0"
::ffff:127.0.0.1 - - [23/Sep/2023:18:52:29 +0000] "POST /api/v1/publico/contacto HTTP/1.1" 200 61 "http://localhost:3000/" "Mozilla/5.0 (Windows NT 10.0; Win64; x64; rv:109.0) Gecko/20100101 Firefox/117.0"
::1 - - [23/Sep/2023:19:05:48 +0000] "GET /api/v1/estudiante/estudiantes/4 HTTP/1.1" 200 215 "-" "PostmanRuntime/7.32.1"
::1 - - [23/Sep/2023:19:09:23 +0000] "GET /api/v1/estudiante/estudiantes/+ HTTP/1.1" 200 25 "-" "PostmanRuntime/7.32.1"
::1 - - [23/Sep/2023:19:09:34 +0000] "GET /api/v1/estudiante/estudiantes/* HTTP/1.1" 200 25 "-" "PostmanRuntime/7.32.1"
::1 - - [23/Sep/2023:19:09:35 +0000] "GET /api/v1/estudiante/estudiantes/* HTTP/1.1" 200 25 "-" "PostmanRuntime/7.32.1"
::1 - - [23/Sep/2023:19:09:41 +0000] "GET /api/v1/estudiante/estudiantes/2 HTTP/1.1" 200 217 "-" "PostmanRuntime/7.32.1"
::1 - - [23/Sep/2023:19:10:00 +0000] "GET /api/v1/estudiante/estudiantes/% HTTP/1.1" 400 1592 "-" "PostmanRuntime/7.32.1"
::1 - - [23/Sep/2023:19:10:14 +0000] "GET /api/v1/estudiante/estudiantes/'*' HTTP/1.1" 200 25 "-" "PostmanRuntime/7.32.1"
::1 - - [23/Sep/2023:19:10:26 +0000] "GET /api/v1/estudiante/estudiantes/ALL HTTP/1.1" 200 25 "-" "PostmanRuntime/7.32.1"
::1 - - [23/Sep/2023:19:10:39 +0000] "GET /api/v1/estudiante/estudiantes/4or1=1 HTTP/1.1" 200 215 "-" "PostmanRuntime/7.32.1"
::1 - - [23/Sep/2023:19:10:49 +0000] "GET /api/v1/estudiante/estudiantes/4'or1=1 HTTP/1.1" 200 215 "-" "PostmanRuntime/7.32.1"
::1 - - [23/Sep/2023:19:10:57 +0000] "GET /api/v1/estudiante/estudiantes/4'%20or%201=1 HTTP/1.1" 200 215 "-" "PostmanRuntime/7.32.1"
::1 - - [23/Sep/2023:19:16:27 +0000] "GET /api/v1/estudiante/id/4 HTTP/1.1" 200 215 "-" "PostmanRuntime/7.32.1"
::1 - - [23/Sep/2023:19:17:16 +0000] "GET /api/v1/estudiante/apenomb/?nombEstudiante=Mateo&apeEstudiante=Barainca HTTP/1.1" 404 165 "-" "PostmanRuntime/7.32.1"
::1 - - [23/Sep/2023:19:21:02 +0000] "GET /api/v1/estudiante/apenomb/?nombEstudiante=Mateo&apeEstudiante=Barainca HTTP/1.1" 404 165 "-" "PostmanRuntime/7.32.1"
::1 - - [23/Sep/2023:19:21:27 +0000] "GET /api/v1/estudiante/apenomb/?nombEstudiante=Mateo&apeEstudiante=Barainca HTTP/1.1" 404 165 "-" "PostmanRuntime/7.32.1"
::1 - - [23/Sep/2023:19:22:10 +0000] "GET /api/v1/estudiante/apenomb/?nombEstudiante=Mateo&apeEstudiante=Barainca HTTP/1.1" 404 165 "-" "PostmanRuntime/7.32.1"
::1 - - [23/Sep/2023:19:22:39 +0000] "GET /api/v1/estudiante/apenomb/?nombEstudiante=Mateo&apeEstudiante=Barainca HTTP/1.1" 404 165 "-" "PostmanRuntime/7.32.1"
::1 - - [23/Sep/2023:19:22:41 +0000] "GET /api/v1/estudiante/apenomb/?nombEstudiante=Mateo&apeEstudiante=Barainca HTTP/1.1" 404 165 "-" "PostmanRuntime/7.32.1"
::1 - - [23/Sep/2023:19:23:24 +0000] "GET /api/v1/estudiante/apenomb/?nombEstudiante=Mateo&apeEstudiante=Barainca HTTP/1.1" 404 165 "-" "PostmanRuntime/7.32.1"
::1 - - [23/Sep/2023:19:25:40 +0000] "GET /api/v1/estudiante/apenomb/?nombEstudiante=Mateo&apeEstudiante=Barainca HTTP/1.1" 404 165 "-" "PostmanRuntime/7.32.1"
::1 - - [23/Sep/2023:19:25:50 +0000] "GET /api/v1/estudiante/apenomb/ HTTP/1.1" 404 165 "-" "PostmanRuntime/7.32.1"
::1 - - [23/Sep/2023:19:26:25 +0000] "GET /api/v1/estudiante/apenomb/ HTTP/1.1" 404 165 "-" "PostmanRuntime/7.32.1"
::1 - - [23/Sep/2023:19:27:02 +0000] "GET /api/v1/estudiante/apenomb/ HTTP/1.1" 404 165 "-" "PostmanRuntime/7.32.1"
::1 - - [23/Sep/2023:19:27:03 +0000] "GET /api/v1/estudiante/apenomb/ HTTP/1.1" 404 165 "-" "PostmanRuntime/7.32.1"
::1 - - [23/Sep/2023:19:27:10 +0000] "GET /api/v1/estudiante/apenomb HTTP/1.1" 404 164 "-" "PostmanRuntime/7.32.1"
::1 - - [23/Sep/2023:19:29:06 +0000] "GET /api/v1/estudiante/apenomb?apeEstudiante=Carlos&nombEstudiante=Galves HTTP/1.1" 404 164 "-" "PostmanRuntime/7.32.1"
::1 - - [23/Sep/2023:19:30:34 +0000] "GET /api/v1/estudiante/apenomb?apeEstudiante=Carlos&nombEstudiante=Galves HTTP/1.1" 404 164 "-" "PostmanRuntime/7.32.1"
::1 - - [23/Sep/2023:19:32:50 +0000] "GET /api/v1/estudiante/id HTTP/1.1" 404 159 "-" "PostmanRuntime/7.32.1"
::1 - - [23/Sep/2023:19:32:58 +0000] "GET /api/v1/estudiante/id/4 HTTP/1.1" 200 215 "-" "PostmanRuntime/7.32.1"
::1 - - [23/Sep/2023:19:33:03 +0000] "GET /api/v1/estudiante/id/ HTTP/1.1" 404 160 "-" "PostmanRuntime/7.32.1"
::1 - - [23/Sep/2023:19:33:09 +0000] "GET /api/v1/estudiante/id/4 HTTP/1.1" 200 215 "-" "PostmanRuntime/7.32.1"
::1 - - [23/Sep/2023:19:33:25 +0000] "GET /api/v1/estudiante/apenomb/?apeEstudiante=Carlos&nombEstudiante=Galves HTTP/1.1" 404 165 "-" "PostmanRuntime/7.32.1"
::1 - - [23/Sep/2023:19:33:49 +0000] "GET /api/v1/estudiante/apenomb/Carlos HTTP/1.1" 404 171 "-" "PostmanRuntime/7.32.1"
::1 - - [23/Sep/2023:19:34:23 +0000] "GET /api/v1/estudiante/apenomb/Carlos&pepe HTTP/1.1" 404 180 "-" "PostmanRuntime/7.32.1"
::1 - - [23/Sep/2023:19:34:31 +0000] "GET /api/v1/estudiante/apenomb/Carlos:pepe HTTP/1.1" 404 176 "-" "PostmanRuntime/7.32.1"
::1 - - [23/Sep/2023:19:34:40 +0000] "GET /api/v1/estudiante/apenomb/Carlos&pepe HTTP/1.1" 404 180 "-" "PostmanRuntime/7.32.1"
::1 - - [23/Sep/2023:19:34:49 +0000] "GET /api/v1/estudiante/apenomb/Carlos,pepe HTTP/1.1" 404 176 "-" "PostmanRuntime/7.32.1"
::1 - - [23/Sep/2023:19:34:54 +0000] "GET /api/v1/estudiante/apenomb/Carlos%20pepe HTTP/1.1" 404 178 "-" "PostmanRuntime/7.32.1"
::1 - - [23/Sep/2023:19:36:06 +0000] "GET /api/v1/estudiante/apenomb?apeEstudiante=Carlos&nombEstudiante=Galves HTTP/1.1" 404 164 "-" "PostmanRuntime/7.32.1"
::1 - - [23/Sep/2023:19:36:14 +0000] "GET /api/v1/estudiante/apenomb/?apeEstudiante=Carlos&nombEstudiante=Galves HTTP/1.1" 404 165 "-" "PostmanRuntime/7.32.1"
::1 - - [23/Sep/2023:19:36:18 +0000] "GET /api/v1/estudiante/apenomb/apeEstudiante=Carlos&nombEstudiante=Galves HTTP/1.1" 404 211 "-" "PostmanRuntime/7.32.1"
::1 - - [23/Sep/2023:19:42:14 +0000] "GET /api/v1/estudiante/apenomb/Carlos&/Galves HTTP/1.1" 404 183 "-" "PostmanRuntime/7.32.1"
::1 - - [23/Sep/2023:19:42:56 +0000] "GET /api/v1/estudiante/apenomb/?apeEstudiante=galves&nombEstudiante=carlos HTTP/1.1" 404 165 "-" "PostmanRuntime/7.32.1"
::1 - - [23/Sep/2023:19:47:10 +0000] "GET /api/v1/estudiante/apenomb/?apeEstudiante=galves&nombEstudiante=carlos HTTP/1.1" 404 165 "-" "PostmanRuntime/7.32.1"
::1 - - [23/Sep/2023:19:47:12 +0000] "GET /api/v1/estudiante/apenomb/?apeEstudiante=galves&nombEstudiante=carlos HTTP/1.1" 404 165 "-" "PostmanRuntime/7.32.1"
::1 - - [23/Sep/2023:19:51:51 +0000] "GET /api/v1/estudiante/apenomb/galves:carlos HTTP/1.1" 404 178 "-" "PostmanRuntime/7.32.1"
::1 - - [23/Sep/2023:19:54:44 +0000] "GET /api/v1/estudiante/apenomb/galves/carlos HTTP/1.1" 404 178 "-" "PostmanRuntime/7.32.1"
::1 - - [23/Sep/2023:19:55:34 +0000] "GET /api/v1/estudiante/apenomb/?apeEstudiante=galves&nombEstudiante=victor HTTP/1.1" 404 165 "-" "PostmanRuntime/7.32.1"
::1 - - [23/Sep/2023:19:57:30 +0000] "GET /api/v1/estudiante/apenomb/galves/victor HTTP/1.1" 404 178 "-" "PostmanRuntime/7.32.1"
::1 - - [23/Sep/2023:20:03:05 +0000] "GET /api/v1/estudiante/apenomb/galves&victor HTTP/1.1" 200 25 "-" "PostmanRuntime/7.32.1"
::1 - - [23/Sep/2023:20:03:29 +0000] "GET /api/v1/id/4 HTTP/1.1" 404 150 "-" "PostmanRuntime/7.32.1"
::1 - - [23/Sep/2023:20:03:41 +0000] "GET /api/v1/estudiante/id/4 HTTP/1.1" 200 215 "-" "PostmanRuntime/7.32.1"
::1 - - [23/Sep/2023:20:04:15 +0000] "GET /api/v1/estudiante/apenomb/Mateo&Barainca HTTP/1.1" 200 215 "-" "PostmanRuntime/7.32.1"
::1 - - [23/Sep/2023:20:04:33 +0000] "GET /api/v1/estudiante/apenomb/Mateo HTTP/1.1" 404 170 "-" "PostmanRuntime/7.32.1"
::1 - - [23/Sep/2023:20:04:44 +0000] "GET /api/v1/estudiante/apenomb/Mateo& HTTP/1.1" 404 175 "-" "PostmanRuntime/7.32.1"
::1 - - [23/Sep/2023:20:04:48 +0000] "GET /api/v1/estudiante/apenomb/Mateo&v HTTP/1.1" 200 25 "-" "PostmanRuntime/7.32.1"
::1 - - [23/Sep/2023:20:04:55 +0000] "GET /api/v1/estudiante/apenomb/Mateo&Barainca HTTP/1.1" 200 215 "-" "PostmanRuntime/7.32.1"
::1 - - [23/Sep/2023:20:06:42 +0000] "GET /api/v1/estudiante/apenomb/Mateo&Barainca HTTP/1.1" 200 215 "-" "PostmanRuntime/7.32.1"
::1 - - [23/Sep/2023:20:06:47 +0000] "GET /api/v1/estudiante/apenomb/Mateo HTTP/1.1" 404 170 "-" "PostmanRuntime/7.32.1"
::1 - - [23/Sep/2023:20:06:56 +0000] "GET /api/v1/estudiante/apenomb/Mateo& HTTP/1.1" 404 175 "-" "PostmanRuntime/7.32.1"
::1 - - [23/Sep/2023:20:07:01 +0000] "GET /api/v1/estudiante/apenomb/Mateo&B HTTP/1.1" 200 25 "-" "PostmanRuntime/7.32.1"
::1 - - [23/Sep/2023:20:07:05 +0000] "GET /api/v1/estudiante/apenomb/Mateo&Barainca HTTP/1.1" 200 215 "-" "PostmanRuntime/7.32.1"
::1 - - [23/Sep/2023:20:07:34 +0000] "GET /api/v1/estudiante/apenomb/Mateo&Barainca HTTP/1.1" 200 215 "-" "PostmanRuntime/7.32.1"
::1 - - [23/Sep/2023:20:07:38 +0000] "GET /api/v1/estudiante/apenomb/Mateo HTTP/1.1" 404 170 "-" "PostmanRuntime/7.32.1"
::1 - - [23/Sep/2023:20:07:59 +0000] "GET /api/v1/estudiante/apenomb/Mateo&Barainca HTTP/1.1" 200 215 "-" "PostmanRuntime/7.32.1"
::1 - - [23/Sep/2023:20:09:26 +0000] "GET /api/v1/estudiante/apenomb/Mateo&Barainca HTTP/1.1" 404 183 "-" "PostmanRuntime/7.32.1"
::1 - - [23/Sep/2023:20:09:34 +0000] "GET /api/v1/estudiante/apenomb/Mateo&/Barainca HTTP/1.1" 200 215 "-" "PostmanRuntime/7.32.1"
::1 - - [23/Sep/2023:20:09:38 +0000] "GET /api/v1/estudiante/apenomb/Mateo& HTTP/1.1" 200 25 "-" "PostmanRuntime/7.32.1"
::1 - - [23/Sep/2023:20:09:43 +0000] "GET /api/v1/estudiante/apenomb/Mateo HTTP/1.1" 404 170 "-" "PostmanRuntime/7.32.1"
::1 - - [23/Sep/2023:20:10:13 +0000] "GET /api/v1/estudiante/apenomb/Mateo HTTP/1.1" 200 25 "-" "PostmanRuntime/7.32.1"
::1 - - [23/Sep/2023:20:10:44 +0000] "GET /api/v1/estudiante/apenomb HTTP/1.1" 200 25 "-" "PostmanRuntime/7.32.1"
::1 - - [23/Sep/2023:20:13:31 +0000] "GET /api/v1/estudiante/apenomb/ma&/ba HTTP/1.1" 404 175 "-" "PostmanRuntime/7.32.1"
::1 - - [23/Sep/2023:20:17:42 +0000] "GET /api/v1/estudiante/apenomb/Mateo&Barainca HTTP/1.1" 200 25 "-" "PostmanRuntime/7.32.1"
::1 - - [23/Sep/2023:20:17:51 +0000] "GET /api/v1/estudiante/apenomb/Mateo&Barainca HTTP/1.1" 200 25 "-" "PostmanRuntime/7.32.1"
::1 - - [23/Sep/2023:20:17:57 +0000] "GET /api/v1/estudiante/apenomb/Mateo&Barainca HTTP/1.1" 200 25 "-" "PostmanRuntime/7.32.1"
::1 - - [23/Sep/2023:20:18:37 +0000] "GET /api/v1/estudiante/apenomb/Mateo&Barainca HTTP/1.1" 200 25 "-" "PostmanRuntime/7.32.1"
::1 - - [23/Sep/2023:20:18:55 +0000] "GET /api/v1/estudiante/apenomb/Mateo&Barainca HTTP/1.1" 200 25 "-" "PostmanRuntime/7.32.1"
::1 - - [23/Sep/2023:20:19:05 +0000] "GET /api/v1/estudiante/apenomb/MateoBarainca HTTP/1.1" 200 25 "-" "PostmanRuntime/7.32.1"
::1 - - [23/Sep/2023:20:19:14 +0000] "GET /api/v1/estudiante/apenomb/Mateo HTTP/1.1" 200 25 "-" "PostmanRuntime/7.32.1"
::1 - - [23/Sep/2023:20:19:19 +0000] "GET /api/v1/estudiante/apenomb/ HTTP/1.1" 200 25 "-" "PostmanRuntime/7.32.1"
::1 - - [23/Sep/2023:20:20:04 +0000] "GET /api/v1/estudiante/apenomb/ HTTP/1.1" 200 25 "-" "PostmanRuntime/7.32.1"
::1 - - [23/Sep/2023:20:20:15 +0000] "GET /api/v1/estudiante/apenomb/mateo HTTP/1.1" 200 25 "-" "PostmanRuntime/7.32.1"
::1 - - [23/Sep/2023:20:20:52 +0000] "GET /api/v1/estudiante/apenomb/mateo HTTP/1.1" 404 170 "-" "PostmanRuntime/7.32.1"
::1 - - [23/Sep/2023:20:20:58 +0000] "GET /api/v1/estudiante/apenomb/mateo&bar HTTP/1.1" 200 25 "-" "PostmanRuntime/7.32.1"
::1 - - [23/Sep/2023:20:21:39 +0000] "GET /api/v1/estudiante/apenomb/mateo&bar HTTP/1.1" 404 178 "-" "PostmanRuntime/7.32.1"
::1 - - [23/Sep/2023:20:21:46 +0000] "GET /api/v1/estudiante/apenomb/mateo&bar HTTP/1.1" 404 178 "-" "PostmanRuntime/7.32.1"
::1 - - [23/Sep/2023:20:22:24 +0000] "GET /api/v1/estudiante/apenomb/mateo&bar HTTP/1.1" 200 25 "-" "PostmanRuntime/7.32.1"
::1 - - [23/Sep/2023:20:22:34 +0000] "GET /api/v1/estudiante/apenomb/mateo&barainca HTTP/1.1" 200 25 "-" "PostmanRuntime/7.32.1"
::1 - - [23/Sep/2023:20:22:42 +0000] "GET /api/v1/estudiante/apenomb/Mateo&Barainca HTTP/1.1" 200 25 "-" "PostmanRuntime/7.32.1"
::1 - - [23/Sep/2023:20:23:56 +0000] "GET /api/v1/estudiante/apenomb/Mateo&Barainca HTTP/1.1" 200 215 "-" "PostmanRuntime/7.32.1"
::1 - - [23/Sep/2023:20:24:02 +0000] "GET /api/v1/estudiante/apenomb/Mateo&Barai HTTP/1.1" 200 215 "-" "PostmanRuntime/7.32.1"
::1 - - [23/Sep/2023:20:24:07 +0000] "GET /api/v1/estudiante/apenomb/Mateo& HTTP/1.1" 200 25 "-" "PostmanRuntime/7.32.1"
::1 - - [23/Sep/2023:20:24:12 +0000] "GET /api/v1/estudiante/apenomb/Mateo HTTP/1.1" 404 170 "-" "PostmanRuntime/7.32.1"
::1 - - [23/Sep/2023:20:24:15 +0000] "GET /api/v1/estudiante/apenomb/ HTTP/1.1" 404 165 "-" "PostmanRuntime/7.32.1"
::1 - - [23/Sep/2023:20:24:22 +0000] "GET /api/v1/estudiante/apenomb/& HTTP/1.1" 404 170 "-" "PostmanRuntime/7.32.1"
::1 - - [23/Sep/2023:20:24:36 +0000] "GET /api/v1/estudiante/apenomb/Mateo& HTTP/1.1" 200 25 "-" "PostmanRuntime/7.32.1"
::1 - - [23/Sep/2023:20:24:40 +0000] "GET /api/v1/estudiante/apenomb/Mateo&P HTTP/1.1" 200 25 "-" "PostmanRuntime/7.32.1"
::1 - - [23/Sep/2023:20:24:51 +0000] "GET /api/v1/estudiante/apenomb/Mateo&b HTTP/1.1" 200 215 "-" "PostmanRuntime/7.32.1"
::1 - - [23/Sep/2023:20:25:29 +0000] "GET /api/v1/estudiante/apenomb/ HTTP/1.1" 404 165 "-" "PostmanRuntime/7.32.1"
::1 - - [23/Sep/2023:20:25:50 +0000] "GET /api/v1/estudiante/apenomb/ HTTP/1.1" 200 25 "-" "PostmanRuntime/7.32.1"
::1 - - [23/Sep/2023:20:25:59 +0000] "GET /api/v1/estudiante/apenomb/Mateo HTTP/1.1" 200 25 "-" "PostmanRuntime/7.32.1"
::1 - - [23/Sep/2023:20:26:27 +0000] "GET /api/v1/estudiante/apenomb/Mateo HTTP/1.1" 200 25 "-" "PostmanRuntime/7.32.1"
::1 - - [23/Sep/2023:20:26:57 +0000] "GET /api/v1/estudiante/apenomb/Mateo HTTP/1.1" 200 25 "-" "PostmanRuntime/7.32.1"
::1 - - [23/Sep/2023:20:33:11 +0000] "GET /api/v1/estudiante/apenomb/Mateo HTTP/1.1" 200 25 "-" "PostmanRuntime/7.32.1"
::1 - - [23/Sep/2023:20:33:24 +0000] "GET /api/v1/estudiante/apenomb/Mateo/B HTTP/1.1" 200 215 "-" "PostmanRuntime/7.32.1"
::1 - - [23/Sep/2023:20:33:29 +0000] "GET /api/v1/estudiante/apenomb/Mateo HTTP/1.1" 200 25 "-" "PostmanRuntime/7.32.1"
::1 - - [23/Sep/2023:20:33:48 +0000] "GET /api/v1/estudiante/apenomb/Mateo/ HTTP/1.1" 200 25 "-" "PostmanRuntime/7.32.1"
::1 - - [23/Sep/2023:20:35:19 +0000] "GET /api/v1/estudiante/apenomb/Mateo/ HTTP/1.1" 200 215 "-" "PostmanRuntime/7.32.1"
::1 - - [23/Sep/2023:20:35:27 +0000] "GET /api/v1/estudiante/apenomb/ HTTP/1.1" 200 787 "-" "PostmanRuntime/7.32.1"
::1 - - [23/Sep/2023:20:44:08 +0000] "GET /api/v1/estudiante/getby/apenomb/ HTTP/1.1" 404 171 "-" "PostmanRuntime/7.32.1"
::1 - - [23/Sep/2023:20:44:39 +0000] "GET /api/v1/estudiante/getby/apenomb/ HTTP/1.1" 404 171 "-" "PostmanRuntime/7.32.1"
::1 - - [23/Sep/2023:20:44:47 +0000] "GET /api/v1/estudiante/getby/apenomb/Ma HTTP/1.1" 404 173 "-" "PostmanRuntime/7.32.1"
::1 - - [23/Sep/2023:20:45:13 +0000] "GET /api/v1/estudiante/getby/apenomb/ HTTP/1.1" 200 787 "-" "PostmanRuntime/7.32.1"
::1 - - [23/Sep/2023:20:45:26 +0000] "GET /api/v1/estudiante/getby/apenomb//ba HTTP/1.1" 404 174 "-" "PostmanRuntime/7.32.1"
::1 - - [23/Sep/2023:20:45:36 +0000] "GET /api/v1/estudiante/getby/apenomb/ba HTTP/1.1" 200 787 "-" "PostmanRuntime/7.32.1"
::1 - - [23/Sep/2023:20:45:49 +0000] "GET /api/v1/estudiante/getby/apenomb/apeEstudiante=Mat HTTP/1.1" 200 787 "-" "PostmanRuntime/7.32.1"
::1 - - [23/Sep/2023:20:46:09 +0000] "GET /api/v1/estudiante/getby/apenomb/apeEstudiante=Mateo HTTP/1.1" 200 787 "-" "PostmanRuntime/7.32.1"
::1 - - [23/Sep/2023:20:46:23 +0000] "GET /api/v1/estudiante/getby/apenomb/apellidoMateo HTTP/1.1" 200 787 "-" "PostmanRuntime/7.32.1"
::1 - - [23/Sep/2023:20:46:41 +0000] "GET /api/v1/estudiante/getby/apenomb/apelEstudiante:Mateo HTTP/1.1" 200 787 "-" "PostmanRuntime/7.32.1"
::1 - - [23/Sep/2023:20:46:50 +0000] "GET /api/v1/estudiante/getby/apenomb/apelEstudiante=Mateo HTTP/1.1" 200 787 "-" "PostmanRuntime/7.32.1"
::1 - - [23/Sep/2023:20:47:53 +0000] "GET /api/v1/estudiante/getby/apenomb/apelEstudiante=Mateo HTTP/1.1" 200 787 "-" "PostmanRuntime/7.32.1"
::1 - - [23/Sep/2023:20:48:10 +0000] "GET /api/v1/estudiante/getby/apenomb/apellido=Mateo HTTP/1.1" 200 787 "-" "PostmanRuntime/7.32.1"
::1 - - [23/Sep/2023:20:48:22 +0000] "GET /api/v1/estudiante/getby/apenomb/?apellido=Mateo HTTP/1.1" 200 787 "-" "PostmanRuntime/7.32.1"
::1 - - [23/Sep/2023:20:49:53 +0000] "GET /api/v1/estudiante/getby/apenomb?apellido=Mateo HTTP/1.1" 200 787 "-" "PostmanRuntime/7.32.1"
::1 - - [23/Sep/2023:20:50:32 +0000] "GET /api/v1/estudiante/getby/apenomb?apellido=Mateo HTTP/1.1" 200 787 "-" "PostmanRuntime/7.32.1"
::1 - - [23/Sep/2023:20:51:23 +0000] "GET /api/v1/estudiante/getby/apenomb?apellido=Mateo HTTP/1.1" 200 787 "-" "PostmanRuntime/7.32.1"
::1 - - [23/Sep/2023:20:51:53 +0000] "GET /api/v1/estudiante/getby/apenomb?apellido=Mateo HTTP/1.1" 200 787 "-" "PostmanRuntime/7.32.1"
::1 - - [23/Sep/2023:20:52:43 +0000] "GET /api/v1/estudiante/getby/apenomb?apellido=Mateo HTTP/1.1" 200 787 "-" "PostmanRuntime/7.32.1"
::1 - - [23/Sep/2023:20:53:13 +0000] "GET /api/v1/estudiante/getby/apenomb?apellido=Mateo&nombre=Barainca HTTP/1.1" 200 787 "-" "PostmanRuntime/7.32.1"
::1 - - [23/Sep/2023:20:53:36 +0000] "GET /api/v1/estudiante/getby/apenomb?apellido=Mateo&nombre=Barainca HTTP/1.1" 200 787 "-" "PostmanRuntime/7.32.1"
::1 - - [23/Sep/2023:20:53:52 +0000] "GET /api/v1/estudiante/getby/apenomb?apellido=Mateo&nombre=Barainca HTTP/1.1" 200 787 "-" "PostmanRuntime/7.32.1"
::1 - - [23/Sep/2023:20:56:17 +0000] "GET /api/v1/estudiante/getby/apenomb?nombre=Barainca HTTP/1.1" 200 787 "-" "PostmanRuntime/7.32.1"
::1 - - [23/Sep/2023:20:59:30 +0000] "GET /api/v1/estudiante/getby/apenomb?nombre=Barainca HTTP/1.1" 404 170 "-" "PostmanRuntime/7.32.1"
::1 - - [23/Sep/2023:21:01:00 +0000] "GET /api/v1/estudiante/lookup?nombre=Barainca HTTP/1.1" 200 787 "-" "PostmanRuntime/7.32.1"
::1 - - [23/Sep/2023:21:01:15 +0000] "GET /api/v1/estudiante/lookup?apellido=Barainca HTTP/1.1" 200 787 "-" "PostmanRuntime/7.32.1"
::1 - - [23/Sep/2023:21:02:38 +0000] "GET /api/v1/estudiante/lookup?apellido=Barainca HTTP/1.1" 200 25 "-" "PostmanRuntime/7.32.1"
::1 - - [23/Sep/2023:21:02:50 +0000] "GET /api/v1/estudiante/lookup?apellido=Barain HTTP/1.1" 200 25 "-" "PostmanRuntime/7.32.1"
::1 - - [23/Sep/2023:21:02:57 +0000] "GET /api/v1/estudiante/lookup? HTTP/1.1" 200 787 "-" "PostmanRuntime/7.32.1"
::1 - - [23/Sep/2023:21:03:09 +0000] "GET /api/v1/estudiante/lookup?apellido=Messi HTTP/1.1" 200 25 "-" "PostmanRuntime/7.32.1"
::1 - - [23/Sep/2023:21:03:17 +0000] "GET /api/v1/estudiante/lookup?id=4 HTTP/1.1" 200 787 "-" "PostmanRuntime/7.32.1"
::1 - - [23/Sep/2023:21:03:35 +0000] "GET /api/v1/estudiante/lookup?id=4 HTTP/1.1" 200 215 "-" "PostmanRuntime/7.32.1"
::1 - - [23/Sep/2023:21:05:01 +0000] "GET /api/v1/estudiante/lookup?apellido=Barainca HTTP/1.1" 200 25 "-" "PostmanRuntime/7.32.1"
::1 - - [23/Sep/2023:21:05:28 +0000] "GET /api/v1/estudiante/lookup?apellido=Barainca&nombre=Mateo HTTP/1.1" 200 25 "-" "PostmanRuntime/7.32.1"
::1 - - [23/Sep/2023:21:05:44 +0000] "GET /api/v1/estudiante/lookup?apellido=Mateo&nombre=Barainca HTTP/1.1" 200 215 "-" "PostmanRuntime/7.32.1"
::1 - - [23/Sep/2023:21:06:00 +0000] "GET /api/v1/estudiante/lookup?apellido=Mateo HTTP/1.1" 200 215 "-" "PostmanRuntime/7.32.1"
::1 - - [23/Sep/2023:22:03:02 +0000] "GET /api/v1/estudiante/lookup?dni=43264515 HTTP/1.1" 200 215 "-" "PostmanRuntime/7.32.1"
::1 - - [23/Sep/2023:22:03:10 +0000] "GET /api/v1/estudiante/lookup? HTTP/1.1" 200 787 "-" "PostmanRuntime/7.32.1"
::1 - - [23/Sep/2023:22:03:23 +0000] "GET /api/v1/estudiante/lookup?dni=43325068 HTTP/1.1" 200 217 "-" "PostmanRuntime/7.32.1"
::1 - - [23/Sep/2023:22:23:01 +0000] "POST /api/v1/estudiante/add?dni=29935506&apellido=Culpian&nombre=Camilo%20Martin&correoElectronico=camiloculpiian@gmail.com&fechaNacimiento=08-01-1983&nacionalidad=0&foto=null&celular=3456251274 HTTP/1.1" 404 161 "-" "PostmanRuntime/7.32.1"
::1 - - [23/Sep/2023:22:23:47 +0000] "POST /api/v1/estudiante/add?dni=29935506&apellido=Culpian&nombre=Camilo%20Martin&correoElectronico=camiloculpiian@gmail.com&fechaNacimiento=08-01-1983&nacionalidad=0&foto=null&celular=3456251274 HTTP/1.1" 404 161 "-" "PostmanRuntime/7.32.1"
::1 - - [23/Sep/2023:22:24:50 +0000] "GET /api/v1/estudiante/lookup HTTP/1.1" 200 787 "-" "PostmanRuntime/7.32.1"
::1 - - [23/Sep/2023:22:26:47 +0000] "POST /api/v1/estudiante/add HTTP/1.1" 404 161 "-" "PostmanRuntime/7.32.1"
::1 - - [23/Sep/2023:22:28:47 +0000] "POST /api/v1/estudiante/add HTTP/1.1" 404 161 "-" "PostmanRuntime/7.32.1"
::1 - - [23/Sep/2023:22:29:48 +0000] "POST /api/v1/estudiante/add HTTP/1.1" 404 161 "-" "PostmanRuntime/7.32.1"
::1 - - [23/Sep/2023:22:30:01 +0000] "POST /api/v1/estudiante/add HTTP/1.1" 404 161 "-" "PostmanRuntime/7.32.1"
::1 - - [23/Sep/2023:22:32:06 +0000] "POST /api/v1/estudiante/add HTTP/1.1" 404 161 "-" "PostmanRuntime/7.32.1"
::1 - - [23/Sep/2023:22:32:20 +0000] "POST /api/v1/estudiante/add HTTP/1.1" 404 161 "-" "PostmanRuntime/7.32.1"
::1 - - [23/Sep/2023:22:33:44 +0000] "POST /api/v1/estudiante/add HTTP/1.1" 404 161 "-" "PostmanRuntime/7.32.1"
::1 - - [23/Sep/2023:22:36:08 +0000] "POST /api/v1/estudiante/add HTTP/1.1" 404 161 "-" "PostmanRuntime/7.32.1"
::1 - - [23/Sep/2023:22:36:12 +0000] "POST /api/v1/estudiante/add HTTP/1.1" 404 161 "-" "PostmanRuntime/7.32.1"
::1 - - [23/Sep/2023:22:36:18 +0000] "POST /api/v1/estudiante/add HTTP/1.1" 404 161 "-" "PostmanRuntime/7.32.1"
::1 - - [23/Sep/2023:22:36:25 +0000] "POST /api/v1/estudiante/test HTTP/1.1" 404 162 "-" "PostmanRuntime/7.32.1"
::1 - - [23/Sep/2023:22:36:31 +0000] "POST /api/v1/estudiante/test HTTP/1.1" 404 162 "-" "PostmanRuntime/7.32.1"
::1 - - [23/Sep/2023:22:36:57 +0000] "POST /api/v1/estudiante/test HTTP/1.1" 404 162 "-" "PostmanRuntime/7.32.1"
::1 - - [23/Sep/2023:22:37:08 +0000] "POST /api/v1/estudiante/test HTTP/1.1" 404 162 "-" "PostmanRuntime/7.32.1"
::1 - - [23/Sep/2023:22:37:13 +0000] "POST /api/v1/estudiante/test HTTP/1.1" 404 162 "-" "PostmanRuntime/7.32.1"
::1 - - [23/Sep/2023:22:47:08 +0000] "POST /api/v1/estudiante/add HTTP/1.1" 200 25 "-" "PostmanRuntime/7.32.1"
::1 - - [23/Sep/2023:22:47:34 +0000] "POST /api/v1/estudiante/add HTTP/1.1" 200 25 "-" "PostmanRuntime/7.32.1"
::1 - - [23/Sep/2023:22:47:55 +0000] "POST /api/v1/estudiante/add HTTP/1.1" 200 15 "-" "PostmanRuntime/7.32.1"
::1 - - [23/Sep/2023:22:48:36 +0000] "POST /api/v1/estudiante/add HTTP/1.1" 200 25 "-" "PostmanRuntime/7.32.1"
::1 - - [23/Sep/2023:22:49:25 +0000] "POST /api/v1/estudiante/add HTTP/1.1" 200 15 "-" "PostmanRuntime/7.32.1"
::1 - - [23/Sep/2023:22:50:08 +0000] "POST /api/v1/estudiante/add HTTP/1.1" 200 15 "-" "PostmanRuntime/7.32.1"
::1 - - [23/Sep/2023:22:52:14 +0000] "POST /api/v1/estudiante/add HTTP/1.1" 200 15 "-" "PostmanRuntime/7.32.1"
::1 - - [23/Sep/2023:22:52:18 +0000] "POST /api/v1/estudiante/add HTTP/1.1" 200 15 "-" "PostmanRuntime/7.32.1"
::1 - - [23/Sep/2023:22:52:38 +0000] "POST /api/v1/estudiante/add HTTP/1.1" 200 15 "-" "PostmanRuntime/7.32.1"
::1 - - [23/Sep/2023:22:52:58 +0000] "POST /api/v1/estudiante/add HTTP/1.1" 200 15 "-" "PostmanRuntime/7.32.1"
::1 - - [23/Sep/2023:22:55:04 +0000] "POST /api/v1/estudiante/add HTTP/1.1" 200 15 "-" "PostmanRuntime/7.32.1"
::1 - - [23/Sep/2023:22:55:19 +0000] "POST /api/v1/estudiante/add HTTP/1.1" 200 15 "-" "PostmanRuntime/7.32.1"
::1 - - [23/Sep/2023:22:59:40 +0000] "GET /api/v1/estudiante/lookup HTTP/1.1" 200 787 "-" "PostmanRuntime/7.32.1"
::1 - - [23/Sep/2023:23:02:20 +0000] "GET /api/v1/estudiante/lookup HTTP/1.1" 200 1023 "-" "PostmanRuntime/7.32.1"
::1 - - [23/Sep/2023:23:07:23 +0000] "POST /api/v1/estudiante/add HTTP/1.1" 200 258 "-" "PostmanRuntime/7.32.1"
::1 - - [23/Sep/2023:23:11:39 +0000] "POST /api/v1/estudiante/add HTTP/1.1" 200 303 "-" "PostmanRuntime/7.32.1"
::1 - - [23/Sep/2023:23:12:48 +0000] "POST /api/v1/estudiante/add HTTP/1.1" 200 70 "-" "PostmanRuntime/7.32.1"
::1 - - [23/Sep/2023:23:13:00 +0000] "GET /api/v1/estudiante/lookup HTTP/1.1" 200 1257 "-" "PostmanRuntime/7.32.1"
::1 - - [23/Sep/2023:23:13:52 +0000] "POST /api/v1/estudiante/add HTTP/1.1" 200 70 "-" "PostmanRuntime/7.32.1"
::1 - - [23/Sep/2023:23:14:28 +0000] "POST /api/v1/estudiante/add HTTP/1.1" 200 70 "-" "PostmanRuntime/7.32.1"
::1 - - [23/Sep/2023:23:16:50 +0000] "GET /api/v1/estudiante/lookup HTTP/1.1" 200 1490 "-" "PostmanRuntime/7.32.1"
::1 - - [23/Sep/2023:23:16:58 +0000] "POST /api/v1/estudiante/add HTTP/1.1" 200 302 "-" "PostmanRuntime/7.32.1"
::1 - - [23/Sep/2023:23:21:33 +0000] "GET /api/v1/estudiante/lookup HTTP/1.1" 200 1726 "-" "PostmanRuntime/7.32.1"
::1 - - [23/Sep/2023:23:26:07 +0000] "POST /api/v1/estudiante/add HTTP/1.1" 200 306 "-" "PostmanRuntime/7.32.1"
::1 - - [23/Sep/2023:23:27:09 +0000] "POST /api/v1/estudiante/add HTTP/1.1" 200 311 "-" "PostmanRuntime/7.32.1"
::1 - - [23/Sep/2023:23:32:54 +0000] "POST /api/v1/estudiante/add HTTP/1.1" 200 311 "-" "PostmanRuntime/7.32.1"
::1 - - [23/Sep/2023:23:38:05 +0000] "POST /api/v1/estudiante/add HTTP/1.1" 200 311 "-" "PostmanRuntime/7.32.1"
::1 - - [23/Sep/2023:23:39:12 +0000] "POST /api/v1/estudiante/add HTTP/1.1" 200 311 "-" "PostmanRuntime/7.32.1"
::1 - - [23/Sep/2023:23:39:45 +0000] "POST /api/v1/estudiante/add HTTP/1.1" 200 311 "-" "PostmanRuntime/7.32.1"
::1 - - [23/Sep/2023:23:40:29 +0000] "POST /api/v1/estudiante/add HTTP/1.1" 200 311 "-" "PostmanRuntime/7.32.1"
::1 - - [23/Sep/2023:23:44:22 +0000] "POST /api/v1/estudiante/add HTTP/1.1" 200 289 "-" "PostmanRuntime/7.32.1"
::1 - - [23/Sep/2023:23:45:15 +0000] "GET /api/v1/estudiante/lookup HTTP/1.1" 200 1260 "-" "PostmanRuntime/7.32.1"
::1 - - [23/Sep/2023:23:46:28 +0000] "POST /api/v1/estudiante/add HTTP/1.1" 200 285 "-" "PostmanRuntime/7.32.1"
::1 - - [23/Sep/2023:23:47:57 +0000] "POST /api/v1/estudiante/add HTTP/1.1" 200 285 "-" "PostmanRuntime/7.32.1"
::1 - - [23/Sep/2023:23:48:06 +0000] "GET /api/v1/estudiante/lookup HTTP/1.1" 200 1260 "-" "PostmanRuntime/7.32.1"
::1 - - [23/Sep/2023:23:48:16 +0000] "POST /api/v1/estudiante/add HTTP/1.1" 200 300 "-" "PostmanRuntime/7.32.1"
::ffff:127.0.0.1 - - [23/Sep/2023:23:52:39 +0000] "OPTIONS /api/v1/publico/contacto HTTP/1.1" 204 0 "http://localhost:3000/" "Mozilla/5.0 (Windows NT 10.0; Win64; x64; rv:109.0) Gecko/20100101 Firefox/117.0"
::ffff:127.0.0.1 - - [23/Sep/2023:23:52:42 +0000] "POST /api/v1/publico/contacto HTTP/1.1" 200 61 "http://localhost:3000/" "Mozilla/5.0 (Windows NT 10.0; Win64; x64; rv:109.0) Gecko/20100101 Firefox/117.0"
